Started GET "/" for ::1 at 2017-02-20 15:51:21 -0500
Processing by Rails::WelcomeController#index as HTML
  Parameters: {"internal"=>true}
  Rendering /Users/h/.rvm/gems/ruby-2.4.0@learning-rails/gems/railties-5.0.1/lib/rails/templates/rails/welcome/index.html.erb
  Rendered /Users/h/.rvm/gems/ruby-2.4.0@learning-rails/gems/railties-5.0.1/lib/rails/templates/rails/welcome/index.html.erb (2.9ms)
Completed 200 OK in 17ms (Views: 6.9ms | ActiveRecord: 0.0ms)


Started GET "/" for ::1 at 2017-02-20 15:54:33 -0500
Processing by Rails::WelcomeController#index as HTML
  Parameters: {"internal"=>true}
  Rendering /Users/h/.rvm/gems/ruby-2.4.0@learning-rails/gems/railties-5.0.1/lib/rails/templates/rails/welcome/index.html.erb
  Rendered /Users/h/.rvm/gems/ruby-2.4.0@learning-rails/gems/railties-5.0.1/lib/rails/templates/rails/welcome/index.html.erb (4.7ms)
Completed 200 OK in 9ms (Views: 7.5ms | ActiveRecord: 0.0ms)


Started GET "/" for ::1 at 2017-02-20 22:31:20 -0500
Processing by Rails::WelcomeController#index as HTML
  Parameters: {"internal"=>true}
  Rendering /Users/h/.rvm/gems/ruby-2.4.0/gems/railties-5.0.1/lib/rails/templates/rails/welcome/index.html.erb
  Rendered /Users/h/.rvm/gems/ruby-2.4.0/gems/railties-5.0.1/lib/rails/templates/rails/welcome/index.html.erb (3.7ms)
Completed 200 OK in 23ms (Views: 10.3ms | ActiveRecord: 0.0ms)


Started GET "/about.html" for ::1 at 2017-02-20 22:34:09 -0500
  
ActionController::RoutingError (No route matches [GET] "/about.html"):
  
actionpack (5.0.1) lib/action_dispatch/middleware/debug_exceptions.rb:53:in `call'
web-console (3.4.0) lib/web_console/middleware.rb:135:in `call_app'
web-console (3.4.0) lib/web_console/middleware.rb:28:in `block in call'
web-console (3.4.0) lib/web_console/middleware.rb:18:in `catch'
web-console (3.4.0) lib/web_console/middleware.rb:18:in `call'
actionpack (5.0.1) lib/action_dispatch/middleware/show_exceptions.rb:31:in `call'
railties (5.0.1) lib/rails/rack/logger.rb:36:in `call_app'
railties (5.0.1) lib/rails/rack/logger.rb:24:in `block in call'
activesupport (5.0.1) lib/active_support/tagged_logging.rb:69:in `block in tagged'
activesupport (5.0.1) lib/active_support/tagged_logging.rb:26:in `tagged'
activesupport (5.0.1) lib/active_support/tagged_logging.rb:69:in `tagged'
railties (5.0.1) lib/rails/rack/logger.rb:24:in `call'
sprockets-rails (3.2.0) lib/sprockets/rails/quiet_assets.rb:13:in `call'
actionpack (5.0.1) lib/action_dispatch/middleware/request_id.rb:24:in `call'
rack (2.0.1) lib/rack/method_override.rb:22:in `call'
rack (2.0.1) lib/rack/runtime.rb:22:in `call'
activesupport (5.0.1) lib/active_support/cache/strategy/local_cache_middleware.rb:28:in `call'
actionpack (5.0.1) lib/action_dispatch/middleware/executor.rb:12:in `call'
actionpack (5.0.1) lib/action_dispatch/middleware/static.rb:136:in `call'
rack (2.0.1) lib/rack/sendfile.rb:111:in `call'
railties (5.0.1) lib/rails/engine.rb:522:in `call'
puma (3.7.1) lib/puma/configuration.rb:232:in `call'
puma (3.7.1) lib/puma/server.rb:578:in `handle_request'
puma (3.7.1) lib/puma/server.rb:415:in `process_client'
puma (3.7.1) lib/puma/server.rb:275:in `block in run'
puma (3.7.1) lib/puma/thread_pool.rb:120:in `block in spawn_thread'
  Rendering /Users/h/.rvm/gems/ruby-2.4.0/gems/actionpack-5.0.1/lib/action_dispatch/middleware/templates/rescues/routing_error.html.erb within rescues/layout
  Rendering /Users/h/.rvm/gems/ruby-2.4.0/gems/actionpack-5.0.1/lib/action_dispatch/middleware/templates/rescues/_trace.html.erb
  Rendered /Users/h/.rvm/gems/ruby-2.4.0/gems/actionpack-5.0.1/lib/action_dispatch/middleware/templates/rescues/_trace.html.erb (2.9ms)
  Rendered /Users/h/.rvm/gems/ruby-2.4.0/gems/actionpack-5.0.1/lib/action_dispatch/middleware/templates/routes/_table.html.erb (15.4ms)
  Rendering /Users/h/.rvm/gems/ruby-2.4.0/gems/actionpack-5.0.1/lib/action_dispatch/middleware/templates/rescues/_request_and_response.html.erb
  Rendered /Users/h/.rvm/gems/ruby-2.4.0/gems/actionpack-5.0.1/lib/action_dispatch/middleware/templates/rescues/_request_and_response.html.erb (0.8ms)
  Rendered /Users/h/.rvm/gems/ruby-2.4.0/gems/actionpack-5.0.1/lib/action_dispatch/middleware/templates/rescues/routing_error.html.erb within rescues/layout (80.3ms)
Started GET "/" for ::1 at 2017-02-20 22:37:50 -0500
Started GET "/" for ::1 at 2017-02-20 22:38:00 -0500
Started GET "/about.html" for ::1 at 2017-02-20 22:38:00 -0500
  
ActionController::RoutingError (No route matches [GET] "/about.html"):
  
actionpack (5.0.1) lib/action_dispatch/middleware/debug_exceptions.rb:53:in `call'
web-console (3.4.0) lib/web_console/middleware.rb:135:in `call_app'
web-console (3.4.0) lib/web_console/middleware.rb:28:in `block in call'
web-console (3.4.0) lib/web_console/middleware.rb:18:in `catch'
web-console (3.4.0) lib/web_console/middleware.rb:18:in `call'
actionpack (5.0.1) lib/action_dispatch/middleware/show_exceptions.rb:31:in `call'
railties (5.0.1) lib/rails/rack/logger.rb:36:in `call_app'
railties (5.0.1) lib/rails/rack/logger.rb:24:in `block in call'
activesupport (5.0.1) lib/active_support/tagged_logging.rb:69:in `block in tagged'
activesupport (5.0.1) lib/active_support/tagged_logging.rb:26:in `tagged'
activesupport (5.0.1) lib/active_support/tagged_logging.rb:69:in `tagged'
railties (5.0.1) lib/rails/rack/logger.rb:24:in `call'
sprockets-rails (3.2.0) lib/sprockets/rails/quiet_assets.rb:13:in `call'
actionpack (5.0.1) lib/action_dispatch/middleware/request_id.rb:24:in `call'
rack (2.0.1) lib/rack/method_override.rb:22:in `call'
rack (2.0.1) lib/rack/runtime.rb:22:in `call'
activesupport (5.0.1) lib/active_support/cache/strategy/local_cache_middleware.rb:28:in `call'
actionpack (5.0.1) lib/action_dispatch/middleware/executor.rb:12:in `call'
actionpack (5.0.1) lib/action_dispatch/middleware/static.rb:136:in `call'
rack (2.0.1) lib/rack/sendfile.rb:111:in `call'
railties (5.0.1) lib/rails/engine.rb:522:in `call'
puma (3.7.1) lib/puma/configuration.rb:232:in `call'
puma (3.7.1) lib/puma/server.rb:578:in `handle_request'
puma (3.7.1) lib/puma/server.rb:415:in `process_client'
puma (3.7.1) lib/puma/server.rb:275:in `block in run'
puma (3.7.1) lib/puma/thread_pool.rb:120:in `block in spawn_thread'
  Rendering /Users/h/.rvm/gems/ruby-2.4.0/gems/actionpack-5.0.1/lib/action_dispatch/middleware/templates/rescues/routing_error.html.erb within rescues/layout
  Rendering /Users/h/.rvm/gems/ruby-2.4.0/gems/actionpack-5.0.1/lib/action_dispatch/middleware/templates/rescues/_trace.html.erb
  Rendered /Users/h/.rvm/gems/ruby-2.4.0/gems/actionpack-5.0.1/lib/action_dispatch/middleware/templates/rescues/_trace.html.erb (1.0ms)
  Rendered collection of /Users/h/.rvm/gems/ruby-2.4.0/gems/actionpack-5.0.1/lib/action_dispatch/middleware/templates/routes/_route.html.erb [1 times] (6.1ms)
  Rendered /Users/h/.rvm/gems/ruby-2.4.0/gems/actionpack-5.0.1/lib/action_dispatch/middleware/templates/routes/_table.html.erb (0.9ms)
  Rendering /Users/h/.rvm/gems/ruby-2.4.0/gems/actionpack-5.0.1/lib/action_dispatch/middleware/templates/rescues/_request_and_response.html.erb
  Rendered /Users/h/.rvm/gems/ruby-2.4.0/gems/actionpack-5.0.1/lib/action_dispatch/middleware/templates/rescues/_request_and_response.html.erb (0.7ms)
  Rendered /Users/h/.rvm/gems/ruby-2.4.0/gems/actionpack-5.0.1/lib/action_dispatch/middleware/templates/rescues/routing_error.html.erb within rescues/layout (69.7ms)
Started GET "/about.html" for ::1 at 2017-02-20 22:40:06 -0500
  
ActionController::RoutingError (No route matches [GET] "/about.html"):
  
actionpack (5.0.1) lib/action_dispatch/middleware/debug_exceptions.rb:53:in `call'
web-console (3.4.0) lib/web_console/middleware.rb:135:in `call_app'
web-console (3.4.0) lib/web_console/middleware.rb:28:in `block in call'
web-console (3.4.0) lib/web_console/middleware.rb:18:in `catch'
web-console (3.4.0) lib/web_console/middleware.rb:18:in `call'
actionpack (5.0.1) lib/action_dispatch/middleware/show_exceptions.rb:31:in `call'
railties (5.0.1) lib/rails/rack/logger.rb:36:in `call_app'
railties (5.0.1) lib/rails/rack/logger.rb:24:in `block in call'
activesupport (5.0.1) lib/active_support/tagged_logging.rb:69:in `block in tagged'
activesupport (5.0.1) lib/active_support/tagged_logging.rb:26:in `tagged'
activesupport (5.0.1) lib/active_support/tagged_logging.rb:69:in `tagged'
railties (5.0.1) lib/rails/rack/logger.rb:24:in `call'
sprockets-rails (3.2.0) lib/sprockets/rails/quiet_assets.rb:13:in `call'
actionpack (5.0.1) lib/action_dispatch/middleware/request_id.rb:24:in `call'
rack (2.0.1) lib/rack/method_override.rb:22:in `call'
rack (2.0.1) lib/rack/runtime.rb:22:in `call'
activesupport (5.0.1) lib/active_support/cache/strategy/local_cache_middleware.rb:28:in `call'
actionpack (5.0.1) lib/action_dispatch/middleware/executor.rb:12:in `call'
actionpack (5.0.1) lib/action_dispatch/middleware/static.rb:136:in `call'
rack (2.0.1) lib/rack/sendfile.rb:111:in `call'
railties (5.0.1) lib/rails/engine.rb:522:in `call'
puma (3.7.1) lib/puma/configuration.rb:232:in `call'
puma (3.7.1) lib/puma/server.rb:578:in `handle_request'
puma (3.7.1) lib/puma/server.rb:415:in `process_client'
puma (3.7.1) lib/puma/server.rb:275:in `block in run'
puma (3.7.1) lib/puma/thread_pool.rb:120:in `block in spawn_thread'
  Rendering /Users/h/.rvm/gems/ruby-2.4.0/gems/actionpack-5.0.1/lib/action_dispatch/middleware/templates/rescues/routing_error.html.erb within rescues/layout
  Rendering /Users/h/.rvm/gems/ruby-2.4.0/gems/actionpack-5.0.1/lib/action_dispatch/middleware/templates/rescues/_trace.html.erb
  Rendered /Users/h/.rvm/gems/ruby-2.4.0/gems/actionpack-5.0.1/lib/action_dispatch/middleware/templates/rescues/_trace.html.erb (1.0ms)
  Rendered collection of /Users/h/.rvm/gems/ruby-2.4.0/gems/actionpack-5.0.1/lib/action_dispatch/middleware/templates/routes/_route.html.erb [1 times] (1.2ms)
  Rendered /Users/h/.rvm/gems/ruby-2.4.0/gems/actionpack-5.0.1/lib/action_dispatch/middleware/templates/routes/_table.html.erb (4.6ms)
  Rendering /Users/h/.rvm/gems/ruby-2.4.0/gems/actionpack-5.0.1/lib/action_dispatch/middleware/templates/rescues/_request_and_response.html.erb
  Rendered /Users/h/.rvm/gems/ruby-2.4.0/gems/actionpack-5.0.1/lib/action_dispatch/middleware/templates/rescues/_request_and_response.html.erb (9.8ms)
  Rendered /Users/h/.rvm/gems/ruby-2.4.0/gems/actionpack-5.0.1/lib/action_dispatch/middleware/templates/rescues/routing_error.html.erb within rescues/layout (81.2ms)
Started GET "/" for ::1 at 2017-02-21 17:14:44 -0500
  
LoadError (Unable to autoload constant VisitorsController, expected /Users/h/Desktop/workspace/learn-rails/app/controllers/visitors_controller.rb to define it):
  
activesupport (5.0.1) lib/active_support/dependencies.rb:512:in `load_missing_constant'
activesupport (5.0.1) lib/active_support/dependencies.rb:203:in `const_missing'
activesupport (5.0.1) lib/active_support/inflector/methods.rb:268:in `const_get'
activesupport (5.0.1) lib/active_support/inflector/methods.rb:268:in `block in constantize'
activesupport (5.0.1) lib/active_support/inflector/methods.rb:266:in `each'
activesupport (5.0.1) lib/active_support/inflector/methods.rb:266:in `inject'
activesupport (5.0.1) lib/active_support/inflector/methods.rb:266:in `constantize'
activesupport (5.0.1) lib/active_support/dependencies.rb:583:in `get'
activesupport (5.0.1) lib/active_support/dependencies.rb:614:in `constantize'
actionpack (5.0.1) lib/action_dispatch/http/request.rb:81:in `controller_class'
actionpack (5.0.1) lib/action_dispatch/routing/route_set.rb:44:in `controller'
actionpack (5.0.1) lib/action_dispatch/routing/route_set.rb:30:in `serve'
actionpack (5.0.1) lib/action_dispatch/journey/router.rb:39:in `block in serve'
actionpack (5.0.1) lib/action_dispatch/journey/router.rb:26:in `each'
actionpack (5.0.1) lib/action_dispatch/journey/router.rb:26:in `serve'
actionpack (5.0.1) lib/action_dispatch/routing/route_set.rb:725:in `call'
rack (2.0.1) lib/rack/etag.rb:25:in `call'
rack (2.0.1) lib/rack/conditional_get.rb:25:in `call'
rack (2.0.1) lib/rack/head.rb:12:in `call'
rack (2.0.1) lib/rack/session/abstract/id.rb:222:in `context'
rack (2.0.1) lib/rack/session/abstract/id.rb:216:in `call'
actionpack (5.0.1) lib/action_dispatch/middleware/cookies.rb:613:in `call'
activerecord (5.0.1) lib/active_record/migration.rb:553:in `call'
actionpack (5.0.1) lib/action_dispatch/middleware/callbacks.rb:38:in `block in call'
activesupport (5.0.1) lib/active_support/callbacks.rb:97:in `__run_callbacks__'
activesupport (5.0.1) lib/active_support/callbacks.rb:750:in `_run_call_callbacks'
activesupport (5.0.1) lib/active_support/callbacks.rb:90:in `run_callbacks'
actionpack (5.0.1) lib/action_dispatch/middleware/callbacks.rb:36:in `call'
actionpack (5.0.1) lib/action_dispatch/middleware/executor.rb:12:in `call'
actionpack (5.0.1) lib/action_dispatch/middleware/remote_ip.rb:79:in `call'
actionpack (5.0.1) lib/action_dispatch/middleware/debug_exceptions.rb:49:in `call'
web-console (3.4.0) lib/web_console/middleware.rb:135:in `call_app'
web-console (3.4.0) lib/web_console/middleware.rb:28:in `block in call'
web-console (3.4.0) lib/web_console/middleware.rb:18:in `catch'
web-console (3.4.0) lib/web_console/middleware.rb:18:in `call'
actionpack (5.0.1) lib/action_dispatch/middleware/show_exceptions.rb:31:in `call'
railties (5.0.1) lib/rails/rack/logger.rb:36:in `call_app'
railties (5.0.1) lib/rails/rack/logger.rb:24:in `block in call'
activesupport (5.0.1) lib/active_support/tagged_logging.rb:69:in `block in tagged'
activesupport (5.0.1) lib/active_support/tagged_logging.rb:26:in `tagged'
activesupport (5.0.1) lib/active_support/tagged_logging.rb:69:in `tagged'
railties (5.0.1) lib/rails/rack/logger.rb:24:in `call'
sprockets-rails (3.2.0) lib/sprockets/rails/quiet_assets.rb:13:in `call'
actionpack (5.0.1) lib/action_dispatch/middleware/request_id.rb:24:in `call'
rack (2.0.1) lib/rack/method_override.rb:22:in `call'
rack (2.0.1) lib/rack/runtime.rb:22:in `call'
activesupport (5.0.1) lib/active_support/cache/strategy/local_cache_middleware.rb:28:in `call'
actionpack (5.0.1) lib/action_dispatch/middleware/executor.rb:12:in `call'
actionpack (5.0.1) lib/action_dispatch/middleware/static.rb:136:in `call'
rack (2.0.1) lib/rack/sendfile.rb:111:in `call'
railties (5.0.1) lib/rails/engine.rb:522:in `call'
puma (3.7.1) lib/puma/configuration.rb:232:in `call'
puma (3.7.1) lib/puma/server.rb:578:in `handle_request'
puma (3.7.1) lib/puma/server.rb:415:in `process_client'
puma (3.7.1) lib/puma/server.rb:275:in `block in run'
puma (3.7.1) lib/puma/thread_pool.rb:120:in `block in spawn_thread'
  Rendering /Users/h/.rvm/gems/ruby-2.4.0@global/gems/actionpack-5.0.1/lib/action_dispatch/middleware/templates/rescues/diagnostics.html.erb within rescues/layout
  Rendering /Users/h/.rvm/gems/ruby-2.4.0@global/gems/actionpack-5.0.1/lib/action_dispatch/middleware/templates/rescues/_source.html.erb
  Rendered /Users/h/.rvm/gems/ruby-2.4.0@global/gems/actionpack-5.0.1/lib/action_dispatch/middleware/templates/rescues/_source.html.erb (2.5ms)
  Rendering /Users/h/.rvm/gems/ruby-2.4.0@global/gems/actionpack-5.0.1/lib/action_dispatch/middleware/templates/rescues/_trace.html.erb
  Rendered /Users/h/.rvm/gems/ruby-2.4.0@global/gems/actionpack-5.0.1/lib/action_dispatch/middleware/templates/rescues/_trace.html.erb (1.6ms)
  Rendering /Users/h/.rvm/gems/ruby-2.4.0@global/gems/actionpack-5.0.1/lib/action_dispatch/middleware/templates/rescues/_request_and_response.html.erb
  Rendered /Users/h/.rvm/gems/ruby-2.4.0@global/gems/actionpack-5.0.1/lib/action_dispatch/middleware/templates/rescues/_request_and_response.html.erb (10.0ms)
  Rendered /Users/h/.rvm/gems/ruby-2.4.0@global/gems/actionpack-5.0.1/lib/action_dispatch/middleware/templates/rescues/diagnostics.html.erb within rescues/layout (74.3ms)
Started GET "/" for ::1 at 2017-02-21 17:15:54 -0500
  
ActionController::RoutingError (undefined local variable or method `applicationController' for main:Object):
  
app/controllers/visitors_controller.rb:1:in `<top (required)>'
  Rendering /Users/h/.rvm/gems/ruby-2.4.0@global/gems/actionpack-5.0.1/lib/action_dispatch/middleware/templates/rescues/routing_error.html.erb within rescues/layout
  Rendering /Users/h/.rvm/gems/ruby-2.4.0@global/gems/actionpack-5.0.1/lib/action_dispatch/middleware/templates/rescues/_trace.html.erb
  Rendered /Users/h/.rvm/gems/ruby-2.4.0@global/gems/actionpack-5.0.1/lib/action_dispatch/middleware/templates/rescues/_trace.html.erb (1.4ms)
  Rendered collection of /Users/h/.rvm/gems/ruby-2.4.0@global/gems/actionpack-5.0.1/lib/action_dispatch/middleware/templates/routes/_route.html.erb [1 times] (6.1ms)
  Rendered /Users/h/.rvm/gems/ruby-2.4.0@global/gems/actionpack-5.0.1/lib/action_dispatch/middleware/templates/routes/_table.html.erb (4.8ms)
  Rendering /Users/h/.rvm/gems/ruby-2.4.0@global/gems/actionpack-5.0.1/lib/action_dispatch/middleware/templates/rescues/_request_and_response.html.erb
  Rendered /Users/h/.rvm/gems/ruby-2.4.0@global/gems/actionpack-5.0.1/lib/action_dispatch/middleware/templates/rescues/_request_and_response.html.erb (1.2ms)
  Rendered /Users/h/.rvm/gems/ruby-2.4.0@global/gems/actionpack-5.0.1/lib/action_dispatch/middleware/templates/rescues/routing_error.html.erb within rescues/layout (88.9ms)
Started GET "/" for ::1 at 2017-02-21 17:16:53 -0500
  
ActionController::RoutingError (undefined local variable or method `applicationController' for main:Object):
  
app/controllers/visitors_controller.rb:1:in `<top (required)>'
  Rendering /Users/h/.rvm/gems/ruby-2.4.0@global/gems/actionpack-5.0.1/lib/action_dispatch/middleware/templates/rescues/routing_error.html.erb within rescues/layout
  Rendering /Users/h/.rvm/gems/ruby-2.4.0@global/gems/actionpack-5.0.1/lib/action_dispatch/middleware/templates/rescues/_trace.html.erb
  Rendered /Users/h/.rvm/gems/ruby-2.4.0@global/gems/actionpack-5.0.1/lib/action_dispatch/middleware/templates/rescues/_trace.html.erb (1.4ms)
  Rendered collection of /Users/h/.rvm/gems/ruby-2.4.0@global/gems/actionpack-5.0.1/lib/action_dispatch/middleware/templates/routes/_route.html.erb [1 times] (0.8ms)
  Rendered /Users/h/.rvm/gems/ruby-2.4.0@global/gems/actionpack-5.0.1/lib/action_dispatch/middleware/templates/routes/_table.html.erb (0.9ms)
  Rendering /Users/h/.rvm/gems/ruby-2.4.0@global/gems/actionpack-5.0.1/lib/action_dispatch/middleware/templates/rescues/_request_and_response.html.erb
  Rendered /Users/h/.rvm/gems/ruby-2.4.0@global/gems/actionpack-5.0.1/lib/action_dispatch/middleware/templates/rescues/_request_and_response.html.erb (0.8ms)
  Rendered /Users/h/.rvm/gems/ruby-2.4.0@global/gems/actionpack-5.0.1/lib/action_dispatch/middleware/templates/rescues/routing_error.html.erb within rescues/layout (73.3ms)
Started GET "/" for ::1 at 2017-02-21 17:16:56 -0500
  
ActionController::RoutingError (undefined local variable or method `applicationController' for main:Object):
  
app/controllers/visitors_controller.rb:1:in `<top (required)>'
  Rendering /Users/h/.rvm/gems/ruby-2.4.0@global/gems/actionpack-5.0.1/lib/action_dispatch/middleware/templates/rescues/routing_error.html.erb within rescues/layout
  Rendering /Users/h/.rvm/gems/ruby-2.4.0@global/gems/actionpack-5.0.1/lib/action_dispatch/middleware/templates/rescues/_trace.html.erb
  Rendered /Users/h/.rvm/gems/ruby-2.4.0@global/gems/actionpack-5.0.1/lib/action_dispatch/middleware/templates/rescues/_trace.html.erb (1.3ms)
  Rendered collection of /Users/h/.rvm/gems/ruby-2.4.0@global/gems/actionpack-5.0.1/lib/action_dispatch/middleware/templates/routes/_route.html.erb [1 times] (0.8ms)
  Rendered /Users/h/.rvm/gems/ruby-2.4.0@global/gems/actionpack-5.0.1/lib/action_dispatch/middleware/templates/routes/_table.html.erb (0.9ms)
  Rendering /Users/h/.rvm/gems/ruby-2.4.0@global/gems/actionpack-5.0.1/lib/action_dispatch/middleware/templates/rescues/_request_and_response.html.erb
  Rendered /Users/h/.rvm/gems/ruby-2.4.0@global/gems/actionpack-5.0.1/lib/action_dispatch/middleware/templates/rescues/_request_and_response.html.erb (0.7ms)
  Rendered /Users/h/.rvm/gems/ruby-2.4.0@global/gems/actionpack-5.0.1/lib/action_dispatch/middleware/templates/rescues/routing_error.html.erb within rescues/layout (74.2ms)
Started GET "/" for ::1 at 2017-02-21 17:18:50 -0500
  
ActionController::RoutingError (undefined local variable or method `applicationController' for main:Object):
  
app/controllers/visitors_controller.rb:1:in `<top (required)>'
  Rendering /Users/h/.rvm/gems/ruby-2.4.0@global/gems/actionpack-5.0.1/lib/action_dispatch/middleware/templates/rescues/routing_error.html.erb within rescues/layout
  Rendering /Users/h/.rvm/gems/ruby-2.4.0@global/gems/actionpack-5.0.1/lib/action_dispatch/middleware/templates/rescues/_trace.html.erb
  Rendered /Users/h/.rvm/gems/ruby-2.4.0@global/gems/actionpack-5.0.1/lib/action_dispatch/middleware/templates/rescues/_trace.html.erb (1.3ms)
  Rendered collection of /Users/h/.rvm/gems/ruby-2.4.0@global/gems/actionpack-5.0.1/lib/action_dispatch/middleware/templates/routes/_route.html.erb [1 times] (1.9ms)
  Rendered /Users/h/.rvm/gems/ruby-2.4.0@global/gems/actionpack-5.0.1/lib/action_dispatch/middleware/templates/routes/_table.html.erb (4.6ms)
  Rendering /Users/h/.rvm/gems/ruby-2.4.0@global/gems/actionpack-5.0.1/lib/action_dispatch/middleware/templates/rescues/_request_and_response.html.erb
  Rendered /Users/h/.rvm/gems/ruby-2.4.0@global/gems/actionpack-5.0.1/lib/action_dispatch/middleware/templates/rescues/_request_and_response.html.erb (8.5ms)
  Rendered /Users/h/.rvm/gems/ruby-2.4.0@global/gems/actionpack-5.0.1/lib/action_dispatch/middleware/templates/rescues/routing_error.html.erb within rescues/layout (102.7ms)
Started GET "/" for ::1 at 2017-02-21 17:20:44 -0500
Processing by VisitorsController#new as HTML
  Rendering visitors/new.html.erb within layouts/application
  Rendered visitors/new.html.erb within layouts/application (3.0ms)
Completed 200 OK in 365ms (Views: 363.3ms | ActiveRecord: 0.0ms)


Started GET "/" for ::1 at 2017-02-21 17:30:04 -0500
Processing by VisitorsController#new as HTML
  Rendering visitors/new.html.erb within layouts/application
  Rendered visitors/new.html.erb within layouts/application (1.2ms)
Completed 200 OK in 17ms (Views: 16.1ms | ActiveRecord: 0.0ms)


Started GET "/" for ::1 at 2017-02-21 17:31:24 -0500
Processing by VisitorsController#new as HTML
  Rendering visitors/new.html.erb within layouts/application
  Rendered visitors/new.html.erb within layouts/application (0.4ms)
Completed 200 OK in 15ms (Views: 12.9ms | ActiveRecord: 0.0ms)


